app/build/intermediates/manifest_merge_blame_file/debug/manifest-merger-blame-debug-report.txt
1<?xml version="1.0" encoding="utf-8"?>
2<manifest xmlns:android="http://schemas.android.com/apk/res/android"
3    package="com.example.project2"
4    android:versionCode="1"
5    android:versionName="1.0" >
6
7    <uses-sdk
8        android:minSdkVersion="28"
8-->src\main\AndroidManifest.xml
9        android:targetSdkVersion="30" />
9-->src\main\AndroidManifest.xml
10
11    <application
11-->src\main\AndroidManifest.xml:5:5-26:19
12        android:allowBackup="true"
12-->src\main\AndroidManifest.xml:6:9-35
13        android:appComponentFactory="androidx.core.app.CoreComponentFactory"
13-->[androidx.core:core:1.5.0] AndroidManifest.xml:24:18-86
14        android:debuggable="true"
15        android:extractNativeLibs="false"
16        android:icon="@mipmap/ic_launcher"
16-->src\main\AndroidManifest.xml:7:9-43
17        android:label="@string/app_name"
17-->src\main\AndroidManifest.xml:8:9-41
18        android:roundIcon="@mipmap/ic_launcher_round"
18-->src\main\AndroidManifest.xml:9:9-54
19        android:supportsRtl="true"
19-->src\main\AndroidManifest.xml:10:9-35
20        android:testOnly="true"
21        android:theme="@style/Theme.Project2" >
21-->src\main\AndroidManifest.xml:11:9-46
22        <activity android:name="com.example.project2.permission" />
22-->src\main\AndroidManifest.xml:12:9-57
22-->src\main\AndroidManifest.xml:12:19-45
23        <activity android:name="com.example.project2.MainActivity" >
23-->src\main\AndroidManifest.xml:13:9-19:20
23-->src\main\AndroidManifest.xml:13:19-47
24            <intent-filter>
24-->src\main\AndroidManifest.xml:14:13-18:29
25                <action android:name="android.intent.action.MAIN" />
25-->src\main\AndroidManifest.xml:15:17-69
25-->src\main\AndroidManifest.xml:15:25-66
26
27                <category android:name="android.intent.category.LAUNCHER" />
27-->src\main\AndroidManifest.xml:17:17-77
27-->src\main\AndroidManifest.xml:17:27-74
28            </intent-filter>
29        </activity>
30        <activity android:name="com.example.project2.settings" />
30-->src\main\AndroidManifest.xml:20:9-46
30-->src\main\AndroidManifest.xml:20:19-43
31        <activity android:name="com.example.project2.goalWeight" />
31-->src\main\AndroidManifest.xml:21:9-48
31-->src\main\AndroidManifest.xml:21:19-45
32        <activity android:name="com.example.project2.inputWeight" />
32-->src\main\AndroidManifest.xml:22:9-49
32-->src\main\AndroidManifest.xml:22:19-46
33        <activity
33-->src\main\AndroidManifest.xml:23:9-25:20
34            android:name="com.example.project2.databaseActivity"
34-->src\main\AndroidManifest.xml:23:19-51
35            android:windowSoftInputMode="adjustPan" >
35-->src\main\AndroidManifest.xml:24:13-52
36        </activity>
37    </application>
38
39</manifest>